<?xml version="1.0" encoding="UTF-8"?>
<!-- Generated by org.testng.reporters.JUnitXMLReporter -->
<testsuite ignored="0" hostname="FA060173" failures="1" tests="3" name="CompanyService" time="3.98" errors="0" timestamp="2022-09-11T13:37:50 IST">
  <testcase classname="testScript.API" name="runAPITest" time="2.151"/>
  <testcase classname="testScript.API" name="runAPITest" time="1.245"/>
  <testcase classname="testScript.API" name="runAPITest" time="0.5">
    <failure type="java.lang.AssertionError" message="expected [true] but found [false]">
      <![CDATA[java.lang.AssertionError: expected [true] but found [false]
at testScript.API.runAPITest(API.java:108)
at java.base/java.util.ArrayList.forEach(ArrayList.java:1511)
at testScript.Master.main(Master.java:44)
... Removed 28 stack frames]]>
    </failure>
  </testcase> <!-- runAPITest -->
</testsuite> <!-- CompanyService -->
