<?xml version="1.0" encoding="UTF-8"?>
<!-- Generated by org.testng.reporters.JUnitXMLReporter -->
<testsuite hostname="C02XHJG9JG5H.local" ignored="0" name="FolderAPITest" tests="3" failures="1" timestamp="2022-09-16T11:46:25 IST" time="2.032" errors="0">
  <testcase name="runAPITest" time="0.809" classname="testScript.API"/>
  <testcase name="runAPITest" time="0.807" classname="testScript.API"/>
  <testcase name="runAPITest" time="0.386" classname="testScript.API">
    <failure type="java.lang.AssertionError" message="expected [true] but found [false]">
      <![CDATA[java.lang.AssertionError: expected [true] but found [false]
at testScript.API.runAPITest(API.java:153)
at java.util.ArrayList.forEach(ArrayList.java:1259)
at utility.GenerateTestNGXml.CreateTestNGXml(GenerateTestNGXml.java:46)
at launch.Master.main(Master.java:20)
... Removed 28 stack frames]]>
    </failure>
  </testcase> <!-- runAPITest -->
</testsuite> <!-- FolderAPITest -->
