<?xml version="1.0" encoding="UTF-8"?>
<!-- Generated by org.testng.reporters.JUnitXMLReporter -->
<testsuite ignored="0" hostname="FA060173" failures="1" tests="3" name="test_with_firefox" time="1.269" errors="0" timestamp="2022-09-11T13:07:16 IST">
  <testcase classname="testScript.API" name="runAPITest" time="0.323"/>
  <testcase classname="testScript.API" name="runAPITest" time="0.622"/>
  <testcase classname="testScript.API" name="runAPITest" time="0.298">
    <failure type="java.lang.AssertionError" message="expected [true] but found [false]">
      <![CDATA[java.lang.AssertionError: expected [true] but found [false]
at testScript.API.runAPITest(API.java:106)
at java.base/java.util.ArrayList.forEach(ArrayList.java:1511)
at testScript.Master.main(Master.java:67)
... Removed 28 stack frames]]>
    </failure>
  </testcase> <!-- runAPITest -->
</testsuite> <!-- test_with_firefox -->
