<?xml version="1.0" encoding="UTF-8"?>
<testng-results skipped="0" failed="1" ignored="0" total="5" passed="4">
  <reporter-output>
  </reporter-output>
  <suite name="CompanyService" duration-ms="1779" started-at="2022-09-16T11:46:06 IST" finished-at="2022-09-16T11:46:08 IST">
    <groups>
    </groups>
    <test name="CompanyServiceTest" duration-ms="1779" started-at="2022-09-16T11:46:06 IST" finished-at="2022-09-16T11:46:08 IST">
      <class name="testScript.API">
        <test-method status="PASS" signature="reporting(org.testng.ITestContext)[pri:0, instance:testScript.API@35e2d654]" name="reporting" is-config="true" duration-ms="5148" started-at="2022-09-16T11:46:01 IST" finished-at="2022-09-16T11:46:06 IST">
          <params>
            <param index="0">
              <value>
                <![CDATA[org.testng.TestRunner@53c68ce]]>
              </value>
            </param>
          </params>
          <reporter-output>
          </reporter-output>
        </test-method> <!-- reporting -->
        <test-method status="PASS" signature="runAPITest(java.util.Map)[pri:0, instance:testScript.API@35e2d654]" name="runAPITest" duration-ms="1651" started-at="2022-09-16T11:46:06 IST" data-provider="getInput" finished-at="2022-09-16T11:46:08 IST">
          <params>
            <param index="0">
              <value>
                <![CDATA[{ResponseCode=200, ResponseFieldToBeSaved=NA, RequestCookies=NA, ResponseCookiesToBeSaved=NA, RandomValues=NA, BasePath=/cities/{cityID}, PathParameters=cityID=1, QueryParameters=NA, TestCaseName=GetCity, ResponseType=JSON, ResponseBody=NA, RequestHeaders=AppId=114;SystemId=naukriIndia;Accept-Encoding=gzip,deflate;cache-control=no-cache;Accept=*/*;Content-Type=application/json, DependOnTest=NA, BaseURI=http://services.test2.mnr-services-test2.cluster.infoedge.com/company-services/company-service-refactor, RequestType=GET, RequestBody=NA}]]>
              </value>
            </param>
          </params>
          <reporter-output>
          </reporter-output>
        </test-method> <!-- runAPITest -->
        <test-method status="PASS" signature="runAPITest(java.util.Map)[pri:0, instance:testScript.API@35e2d654]" name="runAPITest" duration-ms="57" started-at="2022-09-16T11:46:08 IST" data-provider="getInput" finished-at="2022-09-16T11:46:08 IST">
          <params>
            <param index="0">
              <value>
                <![CDATA[{ResponseCode=200, ResponseFieldToBeSaved=NA, RequestCookies=NA, ResponseCookiesToBeSaved=NA, RandomValues=NA, BasePath=/cities/, PathParameters=NA, QueryParameters=NA, TestCaseName=PutCity, ResponseType=JSON, ResponseBody=NA, RequestHeaders=AppId=114;SystemId=naukriIndia;Accept-Encoding=gzip,deflate;cache-control=no-cache;Accept=*/*;Content-Type=application/json, DependOnTest=NA, BaseURI=http://services.test2.mnr-services-test2.cluster.infoedge.com/company-services/company-service-refactor, RequestType=PUT, RequestBody={"cityId":5000,"city": "Sumant", "stateId": 100, "countryId": 1000,"stdCode": 10000,"gulfCityId":"180.28","gulfCountryId":"180"}}]]>
              </value>
            </param>
          </params>
          <reporter-output>
          </reporter-output>
        </test-method> <!-- runAPITest -->
        <test-method status="PASS" signature="afterMethod()[pri:0, instance:testScript.API@35e2d654]" name="afterMethod" is-config="true" duration-ms="0" started-at="2022-09-16T11:46:08 IST" finished-at="2022-09-16T11:46:08 IST">
          <reporter-output>
          </reporter-output>
        </test-method> <!-- afterMethod -->
        <test-method status="PASS" signature="afterMethod()[pri:0, instance:testScript.API@35e2d654]" name="afterMethod" is-config="true" duration-ms="0" started-at="2022-09-16T11:46:08 IST" finished-at="2022-09-16T11:46:08 IST">
          <reporter-output>
          </reporter-output>
        </test-method> <!-- afterMethod -->
        <test-method status="PASS" signature="afterSuite()[pri:0, instance:testScript.API@35e2d654]" name="afterSuite" is-config="true" duration-ms="164" started-at="2022-09-16T11:46:13 IST" finished-at="2022-09-16T11:46:13 IST">
          <reporter-output>
          </reporter-output>
        </test-method> <!-- afterSuite -->
      </class> <!-- testScript.API -->
    </test> <!-- CompanyServiceTest -->
  </suite> <!-- CompanyService -->
  <suite name="FolderAPI" duration-ms="2032" started-at="2022-09-16T11:46:18 IST" finished-at="2022-09-16T11:46:20 IST">
    <groups>
    </groups>
    <test name="FolderAPITest" duration-ms="2032" started-at="2022-09-16T11:46:18 IST" finished-at="2022-09-16T11:46:20 IST">
      <class name="testScript.API">
        <test-method status="PASS" signature="reporting(org.testng.ITestContext)[pri:0, instance:testScript.API@55141def]" name="reporting" is-config="true" duration-ms="5003" started-at="2022-09-16T11:46:13 IST" finished-at="2022-09-16T11:46:18 IST">
          <params>
            <param index="0">
              <value>
                <![CDATA[org.testng.TestRunner@6f9ad11c]]>
              </value>
            </param>
          </params>
          <reporter-output>
          </reporter-output>
        </test-method> <!-- reporting -->
        <test-method status="PASS" signature="runAPITest(java.util.Map)[pri:0, instance:testScript.API@55141def]" name="runAPITest" duration-ms="809" started-at="2022-09-16T11:46:18 IST" data-provider="getInput" finished-at="2022-09-16T11:46:19 IST">
          <params>
            <param index="0">
              <value>
                <![CDATA[{ResponseCode=200, ResponseFieldToBeSaved=auth_token, RequestCookies=_did=$$_did, ResponseCookiesToBeSaved=NA, RandomValues=_did, BasePath=/recruit/login, PathParameters=NA, QueryParameters=NA, TestCaseName=rLogin, ResponseType=HTML, ResponseBody=NA, RequestHeaders=AppId=121;SystemId=jobseeker;Accept-Encoding=gzip,deflate;cache-control=no-cache;Accept=*/*;Content-Type=application/json, DependOnTest=NA, BaseURI=https://www.naukri.com, RequestType=GET, RequestBody=NA}]]>
              </value>
            </param>
          </params>
          <reporter-output>
          </reporter-output>
        </test-method> <!-- runAPITest -->
        <test-method status="PASS" signature="runAPITest(java.util.Map)[pri:0, instance:testScript.API@55141def]" name="runAPITest" duration-ms="807" started-at="2022-09-16T11:46:19 IST" data-provider="getInput" finished-at="2022-09-16T11:46:19 IST">
          <params>
            <param index="0">
              <value>
                <![CDATA[{ResponseCode=200, ResponseFieldToBeSaved=NA, RequestCookies=_did=$$_did, ResponseCookiesToBeSaved=UNID, RandomValues=NA, BasePath=/Login/loginService, PathParameters=NA, QueryParameters=username=company16@yopmail.com;password=P@ssw0rd100;g-recaptcha-response='';URL=https://recruit.naukri.com/;isIE7=false;csrf=$$auth_token, TestCaseName=loginService, ResponseType=HTML, ResponseBody=NA, RequestHeaders=AppId=121;SystemId=jobseeker;Accept-Encoding=gzip,deflate;cache-control=no-cache;Accept=*/*;Content-Type=application/json, DependOnTest=rLogin, BaseURI=https://login.recruit.naukri.com, RequestType=POST, RequestBody=NA}]]>
              </value>
            </param>
          </params>
          <reporter-output>
          </reporter-output>
        </test-method> <!-- runAPITest -->
        <test-method status="PASS" signature="afterMethod()[pri:0, instance:testScript.API@55141def]" name="afterMethod" is-config="true" duration-ms="0" started-at="2022-09-16T11:46:19 IST" finished-at="2022-09-16T11:46:19 IST">
          <reporter-output>
          </reporter-output>
        </test-method> <!-- afterMethod -->
        <test-method status="PASS" signature="afterMethod()[pri:0, instance:testScript.API@55141def]" name="afterMethod" is-config="true" duration-ms="0" started-at="2022-09-16T11:46:19 IST" finished-at="2022-09-16T11:46:19 IST">
          <reporter-output>
          </reporter-output>
        </test-method> <!-- afterMethod -->
        <test-method status="FAIL" signature="runAPITest(java.util.Map)[pri:0, instance:testScript.API@55141def]" name="runAPITest" duration-ms="386" started-at="2022-09-16T11:46:19 IST" data-provider="getInput" finished-at="2022-09-16T11:46:20 IST">
          <params>
            <param index="0">
              <value>
                <![CDATA[{ResponseCode=200, ResponseFieldToBeSaved=NA, RequestCookies=_did=$$_did;UNID=$$UNID, ResponseCookiesToBeSaved=NA, RandomValues=NA, BasePath=/companies/{companyID}/recruiters/{recruiterID}/folders , PathParameters=companyID=6511804;recruiterID=5565791, QueryParameters=NA, TestCaseName=createFolder, ResponseType=JSON, ResponseBody=NA, RequestHeaders=AppId=121;SystemId=jobseeker;Accept-Encoding=gzip,deflate;cache-control=no-cache;Accept=*/*;Content-Type=application/json, DependOnTest=loginService, BaseURI=https://resdex.naukri.com/cloudgateway-resdex/recruiter-data-directories-services/v0/v2, RequestType=POST, RequestBody={"allUsers":[],"sharedWith":[],"folderName":"uiduidksaji"}}]]>
              </value>
            </param>
          </params>
          <exception class="java.lang.AssertionError">
            <message>
              <![CDATA[expected [true] but found [false]]]>
            </message>
            <full-stacktrace>
              <![CDATA[java.lang.AssertionError: expected [true] but found [false]
at org.testng.Assert.fail(Assert.java:99)
at org.testng.Assert.failNotEquals(Assert.java:1037)
at org.testng.Assert.assertTrue(Assert.java:45)
at org.testng.Assert.assertTrue(Assert.java:55)
at testScript.API.runAPITest(API.java:153)
at sun.reflect.NativeMethodAccessorImpl.invoke0(Native Method)
at sun.reflect.NativeMethodAccessorImpl.invoke(NativeMethodAccessorImpl.java:62)
at sun.reflect.DelegatingMethodAccessorImpl.invoke(DelegatingMethodAccessorImpl.java:43)
at java.lang.reflect.Method.invoke(Method.java:498)
at org.testng.internal.MethodInvocationHelper.invokeMethod(MethodInvocationHelper.java:133)
at org.testng.internal.TestInvoker.invokeMethod(TestInvoker.java:598)
at org.testng.internal.TestInvoker.invokeTestMethod(TestInvoker.java:173)
at org.testng.internal.MethodRunner.runInSequence(MethodRunner.java:46)
at org.testng.internal.TestInvoker$MethodInvocationAgent.invoke(TestInvoker.java:824)
at org.testng.internal.TestInvoker.invokeTestMethods(TestInvoker.java:146)
at org.testng.internal.TestMethodWorker.invokeTestMethods(TestMethodWorker.java:146)
at org.testng.internal.TestMethodWorker.run(TestMethodWorker.java:128)
at java.util.ArrayList.forEach(ArrayList.java:1259)
at org.testng.TestRunner.privateRun(TestRunner.java:794)
at org.testng.TestRunner.run(TestRunner.java:596)
at org.testng.SuiteRunner.runTest(SuiteRunner.java:377)
at org.testng.SuiteRunner.runSequentially(SuiteRunner.java:371)
at org.testng.SuiteRunner.privateRun(SuiteRunner.java:332)
at org.testng.SuiteRunner.run(SuiteRunner.java:276)
at org.testng.SuiteRunnerWorker.runSuite(SuiteRunnerWorker.java:53)
at org.testng.SuiteRunnerWorker.run(SuiteRunnerWorker.java:96)
at org.testng.TestNG.runSuitesSequentially(TestNG.java:1212)
at org.testng.TestNG.runSuitesLocally(TestNG.java:1134)
at org.testng.TestNG.runSuites(TestNG.java:1063)
at org.testng.TestNG.run(TestNG.java:1031)
at utility.GenerateTestNGXml.CreateTestNGXml(GenerateTestNGXml.java:46)
at launch.Master.main(Master.java:20)
]]>
            </full-stacktrace>
          </exception> <!-- java.lang.AssertionError -->
          <reporter-output>
          </reporter-output>
        </test-method> <!-- runAPITest -->
        <test-method status="PASS" signature="afterMethod()[pri:0, instance:testScript.API@55141def]" name="afterMethod" is-config="true" duration-ms="1" started-at="2022-09-16T11:46:20 IST" finished-at="2022-09-16T11:46:20 IST">
          <reporter-output>
          </reporter-output>
        </test-method> <!-- afterMethod -->
        <test-method status="PASS" signature="afterSuite()[pri:0, instance:testScript.API@55141def]" name="afterSuite" is-config="true" duration-ms="26" started-at="2022-09-16T11:46:25 IST" finished-at="2022-09-16T11:46:25 IST">
          <reporter-output>
          </reporter-output>
        </test-method> <!-- afterSuite -->
      </class> <!-- testScript.API -->
    </test> <!-- FolderAPITest -->
  </suite> <!-- FolderAPI -->
</testng-results>
