<?xml version="1.0" encoding="UTF-8"?>
<!-- Generated by org.testng.reporters.JUnitXMLReporter -->
<testsuite ignored="0" hostname="FA060173" failures="1" tests="3" name="test_with_firefox" time="3.525" errors="0" timestamp="2022-09-11T13:04:41 IST">
  <testcase classname="testScript.API" name="runAPITest" time="2.29"/>
  <testcase classname="testScript.API" name="runAPITest" time="0.836"/>
  <testcase classname="testScript.API" name="runAPITest" time="0.315">
    <failure type="java.lang.AssertionError" message="expected [true] but found [false]">
      <![CDATA[java.lang.AssertionError: expected [true] but found [false]
at testScript.API.runAPITest(API.java:106)
at java.base/java.util.ArrayList.forEach(ArrayList.java:1511)
at testScript.Master.main(Master.java:63)
... Removed 28 stack frames]]>
    </failure>
  </testcase> <!-- runAPITest -->
</testsuite> <!-- test_with_firefox -->
